omgIsThisomgIsThisWorking?omgIsThisWorking?nOMG
OMG
OMG
OMG
OMG32
OMG3232r
OMG3232r
OMG3232r
OMG3232r
OMG3232r
OMG3232r
OMG3232r
Oaskjdhfkjasdhf
Oaskjdhfkjasdhadaasfsdasasdffdfadfsfsf
alskjdflaksdjf
fileinput
fileinputagain
thisshouldgotoDB
thisshouldgotoDB asdkjflkasdjf ljasdlf js9fjsd9f9d 9d9
thisshouldgotoDB asdfsadfsd9898989898989
thisshouldgotoDB asdfsadf
thisshouldgotoDB 3
thisshouldgotoDB 4
thisshouldgotoDB 5
thisshouldgotoDB 6
thisshouldgotoDB 6
thisshouldgotoDB 7
thisshouldgotoDB 8
thisshouldgotoDB 6
thisshouldgotoDB 7
thisshouldgotoDB 8
